<?xml version="1.0" encoding="UTF-8"?>
<coverage generated="1580506533769" clover="3.2.0">
  <project timestamp="1580506533769" name="All files">
    <metrics statements="61" coveredstatements="55" conditionals="45" coveredconditionals="39" methods="22" coveredmethods="16" elements="128" coveredelements="110" complexity="0" loc="61" ncloc="61" packages="9" files="12" classes="12"/>
    <package name="__test__.setup">
      <metrics statements="1" coveredstatements="1" conditionals="0" coveredconditionals="0" methods="0" coveredmethods="0"/>
      <file name="styleMock.js" path="/Users/nisum/Desktop/Projects/WSI/wsi/__test__/setup/styleMock.js">
        <metrics statements="1" coveredstatements="1" conditionals="0" coveredconditionals="0" methods="0" coveredmethods="0"/>
        <line num="1" count="7" type="stmt"/>
      </file>
    </package>
    <package name="src.actions">
      <metrics statements="4" coveredstatements="4" conditionals="0" coveredconditionals="0" methods="2" coveredmethods="2"/>
      <file name="index.js" path="/Users/nisum/Desktop/Projects/WSI/wsi/src/actions/index.js">
        <metrics statements="4" coveredstatements="4" conditionals="0" coveredconditionals="0" methods="2" coveredmethods="2"/>
        <line num="3" count="3" type="stmt"/>
        <line num="4" count="3" type="stmt"/>
        <line num="5" count="1" type="stmt"/>
        <line num="7" count="1" type="stmt"/>
      </file>
    </package>
    <package name="src.components.BeardCrumb">
      <metrics statements="1" coveredstatements="1" conditionals="0" coveredconditionals="0" methods="1" coveredmethods="1"/>
      <file name="BreadCrumb.jsx" path="/Users/nisum/Desktop/Projects/WSI/wsi/src/components/BeardCrumb/BreadCrumb.jsx">
        <metrics statements="1" coveredstatements="1" conditionals="0" coveredconditionals="0" methods="1" coveredmethods="1"/>
        <line num="5" count="4" type="stmt"/>
      </file>
    </package>
    <package name="src.components.Overlay">
      <metrics statements="1" coveredstatements="1" conditionals="0" coveredconditionals="0" methods="1" coveredmethods="1"/>
      <file name="Overlay.js" path="/Users/nisum/Desktop/Projects/WSI/wsi/src/components/Overlay/Overlay.js">
        <metrics statements="1" coveredstatements="1" conditionals="0" coveredconditionals="0" methods="1" coveredmethods="1"/>
        <line num="7" count="1" type="stmt"/>
      </file>
    </package>
    <package name="src.components.ProductDetails">
      <metrics statements="25" coveredstatements="21" conditionals="22" coveredconditionals="18" methods="9" coveredmethods="5"/>
      <file name="ProductDetails.jsx" path="/Users/nisum/Desktop/Projects/WSI/wsi/src/components/ProductDetails/ProductDetails.jsx">
        <metrics statements="13" coveredstatements="13" conditionals="16" coveredconditionals="15" methods="1" coveredmethods="1"/>
        <line num="10" count="6" type="stmt"/>
        <line num="17" count="6" type="cond" truecount="2" falsecount="0"/>
        <line num="18" count="4" type="cond" truecount="2" falsecount="0"/>
        <line num="19" count="1" type="stmt"/>
        <line num="20" count="1" type="stmt"/>
        <line num="23" count="4" type="cond" truecount="2" falsecount="0"/>
        <line num="24" count="3" type="stmt"/>
        <line num="25" count="3" type="stmt"/>
        <line num="32" count="6" type="cond" truecount="2" falsecount="0"/>
        <line num="33" count="2" type="stmt"/>
        <line num="34" count="2" type="cond" truecount="2" falsecount="0"/>
        <line num="35" count="1" type="stmt"/>
        <line num="40" count="6" type="stmt"/>
      </file>
      <file name="ProductDetailsPage.jsx" path="/Users/nisum/Desktop/Projects/WSI/wsi/src/components/ProductDetails/ProductDetailsPage.jsx">
        <metrics statements="3" coveredstatements="1" conditionals="2" coveredconditionals="1" methods="3" coveredmethods="1"/>
        <line num="8" count="5" type="stmt"/>
        <line num="10" count="0" type="cond" truecount="1" falsecount="1"/>
        <line num="11" count="0" type="stmt"/>
      </file>
      <file name="ProductImages.jsx" path="/Users/nisum/Desktop/Projects/WSI/wsi/src/components/ProductDetails/ProductImages.jsx">
        <metrics statements="9" coveredstatements="7" conditionals="4" coveredconditionals="2" methods="5" coveredmethods="3"/>
        <line num="7" count="4" type="stmt"/>
        <line num="8" count="4" type="stmt"/>
        <line num="9" count="4" type="stmt"/>
        <line num="11" count="4" type="stmt"/>
        <line num="12" count="0" type="stmt"/>
        <line num="15" count="4" type="stmt"/>
        <line num="18" count="0" type="stmt"/>
        <line num="23" count="8" type="stmt"/>
        <line num="25" count="1" type="stmt"/>
      </file>
    </package>
    <package name="src.components.ProductThumbnail">
      <metrics statements="14" coveredstatements="14" conditionals="16" coveredconditionals="15" methods="1" coveredmethods="1"/>
      <file name="ProductThumbnail.jsx" path="/Users/nisum/Desktop/Projects/WSI/wsi/src/components/ProductThumbnail/ProductThumbnail.jsx">
        <metrics statements="14" coveredstatements="14" conditionals="16" coveredconditionals="15" methods="1" coveredmethods="1"/>
        <line num="12" count="23" type="stmt"/>
        <line num="19" count="23" type="cond" truecount="2" falsecount="0"/>
        <line num="20" count="19" type="cond" truecount="2" falsecount="0"/>
        <line num="21" count="2" type="stmt"/>
        <line num="22" count="2" type="stmt"/>
        <line num="25" count="19" type="cond" truecount="2" falsecount="0"/>
        <line num="26" count="17" type="stmt"/>
        <line num="27" count="17" type="stmt"/>
        <line num="34" count="23" type="cond" truecount="2" falsecount="0"/>
        <line num="35" count="4" type="stmt"/>
        <line num="36" count="4" type="cond" truecount="2" falsecount="0"/>
        <line num="37" count="3" type="stmt"/>
        <line num="41" count="23" type="stmt"/>
        <line num="43" count="23" type="stmt"/>
      </file>
    </package>
    <package name="src.components.SimilarProducts">
      <metrics statements="9" coveredstatements="7" conditionals="2" coveredconditionals="1" methods="5" coveredmethods="3"/>
      <file name="SimilarProducts.jsx" path="/Users/nisum/Desktop/Projects/WSI/wsi/src/components/SimilarProducts/SimilarProducts.jsx">
        <metrics statements="4" coveredstatements="4" conditionals="2" coveredconditionals="1" methods="3" coveredmethods="3"/>
        <line num="5" count="2" type="stmt"/>
        <line num="7" count="2" type="stmt"/>
        <line num="13" count="20" type="cond" truecount="1" falsecount="1"/>
        <line num="14" count="8" type="stmt"/>
      </file>
      <file name="SimilarProductsRenderer.js" path="/Users/nisum/Desktop/Projects/WSI/wsi/src/components/SimilarProducts/SimilarProductsRenderer.js">
        <metrics statements="5" coveredstatements="3" conditionals="0" coveredconditionals="0" methods="2" coveredmethods="0"/>
        <line num="6" count="1" type="stmt"/>
        <line num="7" count="0" type="stmt"/>
        <line num="10" count="1" type="stmt"/>
        <line num="12" count="1" type="stmt"/>
        <line num="14" count="0" type="stmt"/>
      </file>
    </package>
    <package name="src.pages.BrowsePage">
      <metrics statements="3" coveredstatements="3" conditionals="2" coveredconditionals="2" methods="2" coveredmethods="2"/>
      <file name="BrowsePage.jsx" path="/Users/nisum/Desktop/Projects/WSI/wsi/src/pages/BrowsePage/BrowsePage.jsx">
        <metrics statements="3" coveredstatements="3" conditionals="2" coveredconditionals="2" methods="2" coveredmethods="2"/>
        <line num="8" count="4" type="stmt"/>
        <line num="9" count="4" type="stmt"/>
        <line num="14" count="10" type="stmt"/>
      </file>
    </package>
    <package name="src.reducers">
      <metrics statements="3" coveredstatements="3" conditionals="3" coveredconditionals="3" methods="1" coveredmethods="1"/>
      <file name="productListReducer.js" path="/Users/nisum/Desktop/Projects/WSI/wsi/src/reducers/productListReducer.js">
        <metrics statements="3" coveredstatements="3" conditionals="3" coveredconditionals="3" methods="1" coveredmethods="1"/>
        <line num="4" count="2" type="cond" truecount="2" falsecount="0"/>
        <line num="6" count="1" type="stmt"/>
        <line num="8" count="1" type="stmt"/>
      </file>
    </package>
  </project>
</coverage>
