{"/Users/nisum/Desktop/Projects/WSI/wsi/__test__/setup/styleMock.js": {"path":"/Users/nisum/Desktop/Projects/WSI/wsi/__test__/setup/styleMock.js","statementMap":{"0":{"start":{"line":1,"column":0},"end":{"line":1,"column":19}}},"fnMap":{},"branchMap":{},"s":{"0":7},"f":{},"b":{},"_coverageSchema":"1a1c01bbd47fc00a2c39e90264f33305004495a9","hash":"6831f0f0405ff703667547215d77346420b9b68c"}
,"/Users/nisum/Desktop/Projects/WSI/wsi/src/actions/index.js": {"path":"/Users/nisum/Desktop/Projects/WSI/wsi/src/actions/index.js","statementMap":{"0":{"start":{"line":3,"column":28},"end":{"line":3,"column":42}},"1":{"start":{"line":4,"column":27},"end":{"line":11,"column":1}},"2":{"start":{"line":4,"column":33},"end":{"line":11,"column":1}},"3":{"start":{"line":5,"column":14},"end":{"line":5,"column":62}},"4":{"start":{"line":7,"column":2},"end":{"line":10,"column":5}}},"fnMap":{"0":{"name":"(anonymous_0)","decl":{"start":{"line":4,"column":27},"end":{"line":4,"column":28}},"loc":{"start":{"line":4,"column":33},"end":{"line":11,"column":1}},"line":4},"1":{"name":"(anonymous_1)","decl":{"start":{"line":4,"column":33},"end":{"line":4,"column":34}},"loc":{"start":{"line":4,"column":58},"end":{"line":11,"column":1}},"line":4}},"branchMap":{},"s":{"0":3,"1":3,"2":1,"3":1,"4":1},"f":{"0":1,"1":1},"b":{},"_coverageSchema":"1a1c01bbd47fc00a2c39e90264f33305004495a9","hash":"e0ef3f5e86f009b0d8c18febd2dc3319ea6d83b4"}
,"/Users/nisum/Desktop/Projects/WSI/wsi/src/components/BeardCrumb/BreadCrumb.jsx": {"path":"/Users/nisum/Desktop/Projects/WSI/wsi/src/components/BeardCrumb/BreadCrumb.jsx","statementMap":{"0":{"start":{"line":5,"column":2},"end":{"line":16,"column":3}}},"fnMap":{"0":{"name":"BreadCrumb","decl":{"start":{"line":4,"column":9},"end":{"line":4,"column":19}},"loc":{"start":{"line":4,"column":38},"end":{"line":17,"column":1}},"line":4}},"branchMap":{},"s":{"0":4},"f":{"0":4},"b":{},"_coverageSchema":"1a1c01bbd47fc00a2c39e90264f33305004495a9","hash":"d4df5e7451ee74cdd6336d724c5bc5152903c5ad"}
,"/Users/nisum/Desktop/Projects/WSI/wsi/src/components/Overlay/Overlay.js": {"path":"/Users/nisum/Desktop/Projects/WSI/wsi/src/components/Overlay/Overlay.js","statementMap":{"0":{"start":{"line":7,"column":2},"end":{"line":18,"column":3}}},"fnMap":{"0":{"name":"Overlay","decl":{"start":{"line":6,"column":24},"end":{"line":6,"column":31}},"loc":{"start":{"line":6,"column":58},"end":{"line":19,"column":1}},"line":6}},"branchMap":{},"s":{"0":1},"f":{"0":1},"b":{},"_coverageSchema":"1a1c01bbd47fc00a2c39e90264f33305004495a9","hash":"c73c0b7525688cfab7acc0c112ac5634ddac8b2c"}
,"/Users/nisum/Desktop/Projects/WSI/wsi/src/components/ProductDetails/ProductDetails.jsx": {"path":"/Users/nisum/Desktop/Projects/WSI/wsi/src/components/ProductDetails/ProductDetails.jsx","statementMap":{"0":{"start":{"line":10,"column":8},"end":{"line":10,"column":15}},"1":{"start":{"line":17,"column":4},"end":{"line":27,"column":5}},"2":{"start":{"line":18,"column":8},"end":{"line":21,"column":9}},"3":{"start":{"line":19,"column":12},"end":{"line":19,"column":50}},"4":{"start":{"line":20,"column":12},"end":{"line":20,"column":48}},"5":{"start":{"line":23,"column":8},"end":{"line":26,"column":9}},"6":{"start":{"line":24,"column":12},"end":{"line":24,"column":50}},"7":{"start":{"line":25,"column":12},"end":{"line":25,"column":48}},"8":{"start":{"line":32,"column":4},"end":{"line":37,"column":5}},"9":{"start":{"line":33,"column":8},"end":{"line":33,"column":36}},"10":{"start":{"line":34,"column":8},"end":{"line":36,"column":9}},"11":{"start":{"line":35,"column":12},"end":{"line":35,"column":40}},"12":{"start":{"line":40,"column":4},"end":{"line":73,"column":5}}},"fnMap":{"0":{"name":"ProductDetails","decl":{"start":{"line":4,"column":24},"end":{"line":4,"column":38}},"loc":{"start":{"line":4,"column":52},"end":{"line":74,"column":1}},"line":4}},"branchMap":{"0":{"loc":{"start":{"line":17,"column":4},"end":{"line":27,"column":5}},"type":"if","locations":[{"start":{"line":17,"column":4},"end":{"line":27,"column":5}},{"start":{"line":17,"column":4},"end":{"line":27,"column":5}}],"line":17},"1":{"loc":{"start":{"line":18,"column":8},"end":{"line":21,"column":9}},"type":"if","locations":[{"start":{"line":18,"column":8},"end":{"line":21,"column":9}},{"start":{"line":18,"column":8},"end":{"line":21,"column":9}}],"line":18},"2":{"loc":{"start":{"line":23,"column":8},"end":{"line":26,"column":9}},"type":"if","locations":[{"start":{"line":23,"column":8},"end":{"line":26,"column":9}},{"start":{"line":23,"column":8},"end":{"line":26,"column":9}}],"line":23},"3":{"loc":{"start":{"line":32,"column":4},"end":{"line":37,"column":5}},"type":"if","locations":[{"start":{"line":32,"column":4},"end":{"line":37,"column":5}},{"start":{"line":32,"column":4},"end":{"line":37,"column":5}}],"line":32},"4":{"loc":{"start":{"line":34,"column":8},"end":{"line":36,"column":9}},"type":"if","locations":[{"start":{"line":34,"column":8},"end":{"line":36,"column":9}},{"start":{"line":34,"column":8},"end":{"line":36,"column":9}}],"line":34},"5":{"loc":{"start":{"line":44,"column":17},"end":{"line":47,"column":112}},"type":"cond-expr","locations":[{"start":{"line":45,"column":20},"end":{"line":45,"column":112}},{"start":{"line":46,"column":22},"end":{"line":47,"column":112}}],"line":44},"6":{"loc":{"start":{"line":46,"column":22},"end":{"line":47,"column":112}},"type":"cond-expr","locations":[{"start":{"line":47,"column":24},"end":{"line":47,"column":107}},{"start":{"line":47,"column":110},"end":{"line":47,"column":112}}],"line":46},"7":{"loc":{"start":{"line":51,"column":72},"end":{"line":51,"column":134}},"type":"cond-expr","locations":[{"start":{"line":51,"column":86},"end":{"line":51,"column":119}},{"start":{"line":51,"column":122},"end":{"line":51,"column":134}}],"line":51}},"s":{"0":6,"1":6,"2":4,"3":1,"4":1,"5":4,"6":3,"7":3,"8":6,"9":2,"10":2,"11":1,"12":6},"f":{"0":6},"b":{"0":[4,2],"1":[1,3],"2":[3,1],"3":[2,4],"4":[1,1],"5":[1,5],"6":[0,5],"7":[3,3]},"_coverageSchema":"1a1c01bbd47fc00a2c39e90264f33305004495a9","hash":"5ff2ed33799132fa19b60eb94935fc9f650c76a7"}
,"/Users/nisum/Desktop/Projects/WSI/wsi/src/components/ProductDetails/ProductDetailsPage.jsx": {"path":"/Users/nisum/Desktop/Projects/WSI/wsi/src/components/ProductDetails/ProductDetailsPage.jsx","statementMap":{"0":{"start":{"line":8,"column":4},"end":{"line":21,"column":5}},"1":{"start":{"line":10,"column":70},"end":{"line":10,"column":97}},"2":{"start":{"line":11,"column":16},"end":{"line":18,"column":38}}},"fnMap":{"0":{"name":"ProductDetailsPage","decl":{"start":{"line":7,"column":24},"end":{"line":7,"column":42}},"loc":{"start":{"line":7,"column":68},"end":{"line":22,"column":1}},"line":7},"1":{"name":"(anonymous_1)","decl":{"start":{"line":10,"column":62},"end":{"line":10,"column":63}},"loc":{"start":{"line":10,"column":70},"end":{"line":10,"column":97}},"line":10},"2":{"name":"(anonymous_2)","decl":{"start":{"line":10,"column":103},"end":{"line":10,"column":104}},"loc":{"start":{"line":10,"column":123},"end":{"line":19,"column":13}},"line":10}},"branchMap":{"0":{"loc":{"start":{"line":10,"column":13},"end":{"line":19,"column":81}},"type":"cond-expr","locations":[{"start":{"line":10,"column":35},"end":{"line":19,"column":14}},{"start":{"line":19,"column":17},"end":{"line":19,"column":81}}],"line":10}},"s":{"0":5,"1":0,"2":0},"f":{"0":5,"1":0,"2":0},"b":{"0":[0,5]},"_coverageSchema":"1a1c01bbd47fc00a2c39e90264f33305004495a9","hash":"a3c2fffb255446a32f208d232a71a2ce2dcfefce"}
,"/Users/nisum/Desktop/Projects/WSI/wsi/src/components/ProductDetails/ProductImages.jsx": {"path":"/Users/nisum/Desktop/Projects/WSI/wsi/src/components/ProductDetails/ProductImages.jsx","statementMap":{"0":{"start":{"line":7,"column":38},"end":{"line":7,"column":65}},"1":{"start":{"line":8,"column":50},"end":{"line":8,"column":65}},"2":{"start":{"line":9,"column":21},"end":{"line":9,"column":28}},"3":{"start":{"line":11,"column":25},"end":{"line":13,"column":5}},"4":{"start":{"line":12,"column":8},"end":{"line":12,"column":33}},"5":{"start":{"line":15,"column":4},"end":{"line":33,"column":5}},"6":{"start":{"line":18,"column":62},"end":{"line":18,"column":86}},"7":{"start":{"line":23,"column":24},"end":{"line":27,"column":31}},"8":{"start":{"line":25,"column":104},"end":{"line":25,"column":130}}},"fnMap":{"0":{"name":"ProductsImages","decl":{"start":{"line":6,"column":24},"end":{"line":6,"column":38}},"loc":{"start":{"line":6,"column":52},"end":{"line":34,"column":1}},"line":6},"1":{"name":"(anonymous_1)","decl":{"start":{"line":11,"column":25},"end":{"line":11,"column":26}},"loc":{"start":{"line":11,"column":31},"end":{"line":13,"column":5}},"line":11},"2":{"name":"(anonymous_2)","decl":{"start":{"line":18,"column":54},"end":{"line":18,"column":55}},"loc":{"start":{"line":18,"column":60},"end":{"line":18,"column":88}},"line":18},"3":{"name":"(anonymous_3)","decl":{"start":{"line":22,"column":41},"end":{"line":22,"column":42}},"loc":{"start":{"line":22,"column":59},"end":{"line":28,"column":21}},"line":22},"4":{"name":"(anonymous_4)","decl":{"start":{"line":25,"column":95},"end":{"line":25,"column":96}},"loc":{"start":{"line":25,"column":102},"end":{"line":25,"column":132}},"line":25}},"branchMap":{"0":{"loc":{"start":{"line":22,"column":21},"end":{"line":28,"column":108}},"type":"cond-expr","locations":[{"start":{"line":22,"column":30},"end":{"line":28,"column":22}},{"start":{"line":28,"column":25},"end":{"line":28,"column":108}}],"line":22},"1":{"loc":{"start":{"line":31,"column":13},"end":{"line":31,"column":87}},"type":"binary-expr","locations":[{"start":{"line":31,"column":13},"end":{"line":31,"column":28}},{"start":{"line":31,"column":32},"end":{"line":31,"column":87}}],"line":31}},"s":{"0":4,"1":4,"2":4,"3":4,"4":0,"5":4,"6":0,"7":8,"8":1},"f":{"0":4,"1":0,"2":0,"3":8,"4":1},"b":{"0":[4,0],"1":[4,0]},"_coverageSchema":"1a1c01bbd47fc00a2c39e90264f33305004495a9","hash":"3e06c70f3053005278927760e80e3f08c21545f4"}
,"/Users/nisum/Desktop/Projects/WSI/wsi/src/components/ProductThumbnail/ProductThumbnail.jsx": {"path":"/Users/nisum/Desktop/Projects/WSI/wsi/src/components/ProductThumbnail/ProductThumbnail.jsx","statementMap":{"0":{"start":{"line":12,"column":6},"end":{"line":12,"column":13}},"1":{"start":{"line":19,"column":2},"end":{"line":29,"column":3}},"2":{"start":{"line":20,"column":4},"end":{"line":23,"column":5}},"3":{"start":{"line":21,"column":6},"end":{"line":21,"column":44}},"4":{"start":{"line":22,"column":6},"end":{"line":22,"column":42}},"5":{"start":{"line":25,"column":4},"end":{"line":28,"column":5}},"6":{"start":{"line":26,"column":6},"end":{"line":26,"column":44}},"7":{"start":{"line":27,"column":6},"end":{"line":27,"column":42}},"8":{"start":{"line":34,"column":2},"end":{"line":39,"column":3}},"9":{"start":{"line":35,"column":4},"end":{"line":35,"column":32}},"10":{"start":{"line":36,"column":4},"end":{"line":38,"column":5}},"11":{"start":{"line":37,"column":6},"end":{"line":37,"column":34}},"12":{"start":{"line":41,"column":14},"end":{"line":41,"column":36}},"13":{"start":{"line":43,"column":2},"end":{"line":74,"column":3}}},"fnMap":{"0":{"name":"ProductThumbnail","decl":{"start":{"line":6,"column":24},"end":{"line":6,"column":40}},"loc":{"start":{"line":6,"column":54},"end":{"line":75,"column":1}},"line":6}},"branchMap":{"0":{"loc":{"start":{"line":19,"column":2},"end":{"line":29,"column":3}},"type":"if","locations":[{"start":{"line":19,"column":2},"end":{"line":29,"column":3}},{"start":{"line":19,"column":2},"end":{"line":29,"column":3}}],"line":19},"1":{"loc":{"start":{"line":20,"column":4},"end":{"line":23,"column":5}},"type":"if","locations":[{"start":{"line":20,"column":4},"end":{"line":23,"column":5}},{"start":{"line":20,"column":4},"end":{"line":23,"column":5}}],"line":20},"2":{"loc":{"start":{"line":25,"column":4},"end":{"line":28,"column":5}},"type":"if","locations":[{"start":{"line":25,"column":4},"end":{"line":28,"column":5}},{"start":{"line":25,"column":4},"end":{"line":28,"column":5}}],"line":25},"3":{"loc":{"start":{"line":34,"column":2},"end":{"line":39,"column":3}},"type":"if","locations":[{"start":{"line":34,"column":2},"end":{"line":39,"column":3}},{"start":{"line":34,"column":2},"end":{"line":39,"column":3}}],"line":34},"4":{"loc":{"start":{"line":36,"column":4},"end":{"line":38,"column":5}},"type":"if","locations":[{"start":{"line":36,"column":4},"end":{"line":38,"column":5}},{"start":{"line":36,"column":4},"end":{"line":38,"column":5}}],"line":36},"5":{"loc":{"start":{"line":53,"column":13},"end":{"line":60,"column":28}},"type":"cond-expr","locations":[{"start":{"line":54,"column":14},"end":{"line":56,"column":21}},{"start":{"line":57,"column":16},"end":{"line":60,"column":28}}],"line":53},"6":{"loc":{"start":{"line":57,"column":16},"end":{"line":60,"column":28}},"type":"cond-expr","locations":[{"start":{"line":58,"column":16},"end":{"line":60,"column":23}},{"start":{"line":60,"column":26},"end":{"line":60,"column":28}}],"line":57},"7":{"loc":{"start":{"line":65,"column":28},"end":{"line":67,"column":30}},"type":"cond-expr","locations":[{"start":{"line":66,"column":18},"end":{"line":66,"column":51}},{"start":{"line":67,"column":18},"end":{"line":67,"column":30}}],"line":65}},"s":{"0":23,"1":23,"2":19,"3":2,"4":2,"5":19,"6":17,"7":17,"8":23,"9":4,"10":4,"11":3,"12":23,"13":23},"f":{"0":23},"b":{"0":[19,4],"1":[2,17],"2":[17,2],"3":[4,19],"4":[3,1],"5":[2,21],"6":[0,21],"7":[17,6]},"_coverageSchema":"1a1c01bbd47fc00a2c39e90264f33305004495a9","hash":"0a37874c8e9b3a470951e3734988439f91cc8387"}
,"/Users/nisum/Desktop/Projects/WSI/wsi/src/components/SimilarProducts/SimilarProducts.jsx": {"path":"/Users/nisum/Desktop/Projects/WSI/wsi/src/components/SimilarProducts/SimilarProducts.jsx","statementMap":{"0":{"start":{"line":5,"column":26},"end":{"line":5,"column":45}},"1":{"start":{"line":7,"column":4},"end":{"line":18,"column":5}},"2":{"start":{"line":13,"column":75},"end":{"line":13,"column":84}},"3":{"start":{"line":14,"column":20},"end":{"line":14,"column":74}}},"fnMap":{"0":{"name":"SimilarProducts","decl":{"start":{"line":4,"column":24},"end":{"line":4,"column":39}},"loc":{"start":{"line":4,"column":58},"end":{"line":19,"column":1}},"line":4},"1":{"name":"(anonymous_1)","decl":{"start":{"line":13,"column":58},"end":{"line":13,"column":59}},"loc":{"start":{"line":13,"column":75},"end":{"line":13,"column":84}},"line":13},"2":{"name":"(anonymous_2)","decl":{"start":{"line":13,"column":90},"end":{"line":13,"column":91}},"loc":{"start":{"line":13,"column":107},"end":{"line":15,"column":17}},"line":13}},"branchMap":{"0":{"loc":{"start":{"line":13,"column":17},"end":{"line":15,"column":57}},"type":"cond-expr","locations":[{"start":{"line":13,"column":35},"end":{"line":15,"column":18}},{"start":{"line":15,"column":21},"end":{"line":15,"column":57}}],"line":13}},"s":{"0":2,"1":2,"2":20,"3":8},"f":{"0":2,"1":20,"2":8},"b":{"0":[2,0]},"_coverageSchema":"1a1c01bbd47fc00a2c39e90264f33305004495a9","hash":"213dea8aeeac96cbf46f19db69552ce09ac8cd3c"}
,"/Users/nisum/Desktop/Projects/WSI/wsi/src/components/SimilarProducts/SimilarProductsRenderer.js": {"path":"/Users/nisum/Desktop/Projects/WSI/wsi/src/components/SimilarProducts/SimilarProductsRenderer.js","statementMap":{"0":{"start":{"line":6,"column":24},"end":{"line":8,"column":1}},"1":{"start":{"line":7,"column":2},"end":{"line":7,"column":46}},"2":{"start":{"line":10,"column":23},"end":{"line":10,"column":64}},"3":{"start":{"line":12,"column":26},"end":{"line":16,"column":2}},"4":{"start":{"line":14,"column":4},"end":{"line":14,"column":29}}},"fnMap":{"0":{"name":"(anonymous_0)","decl":{"start":{"line":6,"column":24},"end":{"line":6,"column":25}},"loc":{"start":{"line":6,"column":35},"end":{"line":8,"column":1}},"line":6},"1":{"name":"(anonymous_1)","decl":{"start":{"line":13,"column":2},"end":{"line":13,"column":3}},"loc":{"start":{"line":13,"column":22},"end":{"line":15,"column":3}},"line":13}},"branchMap":{},"s":{"0":1,"1":0,"2":1,"3":1,"4":0},"f":{"0":0,"1":0},"b":{},"_coverageSchema":"1a1c01bbd47fc00a2c39e90264f33305004495a9","hash":"38a8b6ae8fbcdc89fc8cca80db0b2e374b57ed90"}
,"/Users/nisum/Desktop/Projects/WSI/wsi/src/pages/BrowsePage/BrowsePage.jsx": {"path":"/Users/nisum/Desktop/Projects/WSI/wsi/src/pages/BrowsePage/BrowsePage.jsx","statementMap":{"0":{"start":{"line":8,"column":25},"end":{"line":8,"column":37}},"1":{"start":{"line":9,"column":2},"end":{"line":18,"column":4}},"2":{"start":{"line":14,"column":10},"end":{"line":14,"column":66}}},"fnMap":{"0":{"name":"BrowsePage","decl":{"start":{"line":7,"column":9},"end":{"line":7,"column":19}},"loc":{"start":{"line":7,"column":38},"end":{"line":20,"column":1}},"line":7},"1":{"name":"(anonymous_1)","decl":{"start":{"line":13,"column":29},"end":{"line":13,"column":30}},"loc":{"start":{"line":13,"column":46},"end":{"line":15,"column":9}},"line":13}},"branchMap":{"0":{"loc":{"start":{"line":13,"column":9},"end":{"line":15,"column":77}},"type":"cond-expr","locations":[{"start":{"line":13,"column":18},"end":{"line":15,"column":10}},{"start":{"line":15,"column":13},"end":{"line":15,"column":77}}],"line":13}},"s":{"0":4,"1":4,"2":10},"f":{"0":4,"1":10},"b":{"0":[1,3]},"_coverageSchema":"1a1c01bbd47fc00a2c39e90264f33305004495a9","hash":"90dd7494d1aaa7bbe5aa652c58739e8f86569440"}
,"/Users/nisum/Desktop/Projects/WSI/wsi/src/reducers/productListReducer.js": {"path":"/Users/nisum/Desktop/Projects/WSI/wsi/src/reducers/productListReducer.js","statementMap":{"0":{"start":{"line":4,"column":2},"end":{"line":9,"column":3}},"1":{"start":{"line":6,"column":6},"end":{"line":6,"column":45}},"2":{"start":{"line":8,"column":6},"end":{"line":8,"column":19}}},"fnMap":{"0":{"name":"(anonymous_0)","decl":{"start":{"line":3,"column":15},"end":{"line":3,"column":16}},"loc":{"start":{"line":3,"column":39},"end":{"line":10,"column":1}},"line":3}},"branchMap":{"0":{"loc":{"start":{"line":3,"column":16},"end":{"line":3,"column":26}},"type":"default-arg","locations":[{"start":{"line":3,"column":24},"end":{"line":3,"column":26}}],"line":3},"1":{"loc":{"start":{"line":4,"column":2},"end":{"line":9,"column":3}},"type":"switch","locations":[{"start":{"line":5,"column":4},"end":{"line":6,"column":45}},{"start":{"line":7,"column":4},"end":{"line":8,"column":19}}],"line":4}},"s":{"0":2,"1":1,"2":1},"f":{"0":2},"b":{"0":[1],"1":[1,1]},"_coverageSchema":"1a1c01bbd47fc00a2c39e90264f33305004495a9","hash":"46956e67055802321ed02df1ea77a0516c649c6e"}
}
