{"/Users/nisum/Desktop/Projects/WSI/wsi/__test__/setup/styleMock.js": {"path":"/Users/nisum/Desktop/Projects/WSI/wsi/__test__/setup/styleMock.js","statementMap":{"0":{"start":{"line":1,"column":0},"end":{"line":1,"column":19}}},"fnMap":{},"branchMap":{},"s":{"0":1},"f":{},"b":{},"_coverageSchema":"1a1c01bbd47fc00a2c39e90264f33305004495a9","hash":"6831f0f0405ff703667547215d77346420b9b68c"}
,"/Users/nisum/Desktop/Projects/WSI/wsi/src/actions/index.js": {"path":"/Users/nisum/Desktop/Projects/WSI/wsi/src/actions/index.js","statementMap":{"0":{"start":{"line":3,"column":28},"end":{"line":3,"column":42}},"1":{"start":{"line":4,"column":27},"end":{"line":11,"column":1}},"2":{"start":{"line":4,"column":33},"end":{"line":11,"column":1}},"3":{"start":{"line":5,"column":14},"end":{"line":5,"column":55}},"4":{"start":{"line":7,"column":2},"end":{"line":10,"column":5}}},"fnMap":{"0":{"name":"(anonymous_0)","decl":{"start":{"line":4,"column":27},"end":{"line":4,"column":28}},"loc":{"start":{"line":4,"column":33},"end":{"line":11,"column":1}},"line":4},"1":{"name":"(anonymous_1)","decl":{"start":{"line":4,"column":33},"end":{"line":4,"column":34}},"loc":{"start":{"line":4,"column":58},"end":{"line":11,"column":1}},"line":4}},"branchMap":{},"s":{"0":2,"1":2,"2":1,"3":1,"4":0},"f":{"0":1,"1":1},"b":{},"_coverageSchema":"1a1c01bbd47fc00a2c39e90264f33305004495a9","hash":"f2b571bdbf66942416f0f0fe1c268cbdbfad4910"}
,"/Users/nisum/Desktop/Projects/WSI/wsi/src/api/services.js": {"path":"/Users/nisum/Desktop/Projects/WSI/wsi/src/api/services.js","statementMap":{},"fnMap":{},"branchMap":{},"s":{},"f":{},"b":{},"_coverageSchema":"1a1c01bbd47fc00a2c39e90264f33305004495a9","hash":"86e36f27002fdaa48f84480c72341b4251de923f"}
,"/Users/nisum/Desktop/Projects/WSI/wsi/src/components/BeardCrumb/BreadCrumb.jsx": {"path":"/Users/nisum/Desktop/Projects/WSI/wsi/src/components/BeardCrumb/BreadCrumb.jsx","statementMap":{"0":{"start":{"line":5,"column":2},"end":{"line":16,"column":3}}},"fnMap":{"0":{"name":"BreadCrumb","decl":{"start":{"line":4,"column":9},"end":{"line":4,"column":19}},"loc":{"start":{"line":4,"column":38},"end":{"line":17,"column":1}},"line":4}},"branchMap":{},"s":{"0":1},"f":{"0":1},"b":{},"_coverageSchema":"1a1c01bbd47fc00a2c39e90264f33305004495a9","hash":"d4df5e7451ee74cdd6336d724c5bc5152903c5ad"}
,"/Users/nisum/Desktop/Projects/WSI/wsi/src/reducers/productListReducer.js": {"path":"/Users/nisum/Desktop/Projects/WSI/wsi/src/reducers/productListReducer.js","statementMap":{"0":{"start":{"line":4,"column":2},"end":{"line":9,"column":3}},"1":{"start":{"line":6,"column":6},"end":{"line":6,"column":45}},"2":{"start":{"line":8,"column":6},"end":{"line":8,"column":19}}},"fnMap":{"0":{"name":"(anonymous_0)","decl":{"start":{"line":3,"column":15},"end":{"line":3,"column":16}},"loc":{"start":{"line":3,"column":39},"end":{"line":10,"column":1}},"line":3}},"branchMap":{"0":{"loc":{"start":{"line":3,"column":16},"end":{"line":3,"column":26}},"type":"default-arg","locations":[{"start":{"line":3,"column":24},"end":{"line":3,"column":26}}],"line":3},"1":{"loc":{"start":{"line":4,"column":2},"end":{"line":9,"column":3}},"type":"switch","locations":[{"start":{"line":5,"column":4},"end":{"line":6,"column":45}},{"start":{"line":7,"column":4},"end":{"line":8,"column":19}}],"line":4}},"s":{"0":2,"1":1,"2":1},"f":{"0":2},"b":{"0":[1],"1":[1,1]},"_coverageSchema":"1a1c01bbd47fc00a2c39e90264f33305004495a9","hash":"46956e67055802321ed02df1ea77a0516c649c6e"}
}
