TN:
SF:__test__/setup/styleMock.js
FNF:0
FNH:0
DA:1,1
LF:1
LH:1
BRF:0
BRH:0
end_of_record
TN:
SF:src/actions/index.js
FN:4,(anonymous_0)
FN:4,(anonymous_1)
FNF:2
FNH:2
FNDA:1,(anonymous_0)
FNDA:1,(anonymous_1)
DA:3,2
DA:4,2
DA:5,1
DA:7,0
LF:4
LH:3
BRF:0
BRH:0
end_of_record
TN:
SF:src/api/services.js
FNF:0
FNH:0
LF:0
LH:0
BRF:0
BRH:0
end_of_record
TN:
SF:src/components/BeardCrumb/BreadCrumb.jsx
FN:4,BreadCrumb
FNF:1
FNH:1
FNDA:1,BreadCrumb
DA:5,1
LF:1
LH:1
BRF:0
BRH:0
end_of_record
TN:
SF:src/reducers/productListReducer.js
FN:3,(anonymous_0)
FNF:1
FNH:1
FNDA:2,(anonymous_0)
DA:4,2
DA:6,1
DA:8,1
LF:3
LH:3
BRDA:3,0,0,1
BRDA:4,1,0,1
BRDA:4,1,1,1
BRF:3
BRH:3
end_of_record
