TN:
SF:__test__/setup/styleMock.js
FNF:0
FNH:0
DA:1,7
LF:1
LH:1
BRF:0
BRH:0
end_of_record
TN:
SF:src/actions/index.js
FN:4,(anonymous_0)
FN:4,(anonymous_1)
FNF:2
FNH:2
FNDA:1,(anonymous_0)
FNDA:1,(anonymous_1)
DA:3,3
DA:4,3
DA:5,1
DA:7,1
LF:4
LH:4
BRF:0
BRH:0
end_of_record
TN:
SF:src/components/BeardCrumb/BreadCrumb.jsx
FN:4,BreadCrumb
FNF:1
FNH:1
FNDA:4,BreadCrumb
DA:5,4
LF:1
LH:1
BRF:0
BRH:0
end_of_record
TN:
SF:src/components/Overlay/Overlay.js
FN:6,Overlay
FNF:1
FNH:1
FNDA:1,Overlay
DA:7,1
LF:1
LH:1
BRF:0
BRH:0
end_of_record
TN:
SF:src/components/ProductDetails/ProductDetails.jsx
FN:4,ProductDetails
FNF:1
FNH:1
FNDA:6,ProductDetails
DA:10,6
DA:17,6
DA:18,4
DA:19,1
DA:20,1
DA:23,4
DA:24,3
DA:25,3
DA:32,6
DA:33,2
DA:34,2
DA:35,1
DA:40,6
LF:13
LH:13
BRDA:17,0,0,4
BRDA:17,0,1,2
BRDA:18,1,0,1
BRDA:18,1,1,3
BRDA:23,2,0,3
BRDA:23,2,1,1
BRDA:32,3,0,2
BRDA:32,3,1,4
BRDA:34,4,0,1
BRDA:34,4,1,1
BRDA:44,5,0,1
BRDA:44,5,1,5
BRDA:46,6,0,0
BRDA:46,6,1,5
BRDA:51,7,0,3
BRDA:51,7,1,3
BRF:16
BRH:15
end_of_record
TN:
SF:src/components/ProductDetails/ProductDetailsPage.jsx
FN:7,ProductDetailsPage
FN:10,(anonymous_1)
FN:10,(anonymous_2)
FNF:3
FNH:1
FNDA:5,ProductDetailsPage
FNDA:0,(anonymous_1)
FNDA:0,(anonymous_2)
DA:8,5
DA:10,0
DA:11,0
LF:3
LH:1
BRDA:10,0,0,0
BRDA:10,0,1,5
BRF:2
BRH:1
end_of_record
TN:
SF:src/components/ProductDetails/ProductImages.jsx
FN:6,ProductsImages
FN:11,(anonymous_1)
FN:18,(anonymous_2)
FN:22,(anonymous_3)
FN:25,(anonymous_4)
FNF:5
FNH:3
FNDA:4,ProductsImages
FNDA:0,(anonymous_1)
FNDA:0,(anonymous_2)
FNDA:8,(anonymous_3)
FNDA:1,(anonymous_4)
DA:7,4
DA:8,4
DA:9,4
DA:11,4
DA:12,0
DA:15,4
DA:18,0
DA:23,8
DA:25,1
LF:9
LH:7
BRDA:22,0,0,4
BRDA:22,0,1,0
BRDA:31,1,0,4
BRDA:31,1,1,0
BRF:4
BRH:2
end_of_record
TN:
SF:src/components/ProductThumbnail/ProductThumbnail.jsx
FN:6,ProductThumbnail
FNF:1
FNH:1
FNDA:23,ProductThumbnail
DA:12,23
DA:19,23
DA:20,19
DA:21,2
DA:22,2
DA:25,19
DA:26,17
DA:27,17
DA:34,23
DA:35,4
DA:36,4
DA:37,3
DA:41,23
DA:43,23
LF:14
LH:14
BRDA:19,0,0,19
BRDA:19,0,1,4
BRDA:20,1,0,2
BRDA:20,1,1,17
BRDA:25,2,0,17
BRDA:25,2,1,2
BRDA:34,3,0,4
BRDA:34,3,1,19
BRDA:36,4,0,3
BRDA:36,4,1,1
BRDA:53,5,0,2
BRDA:53,5,1,21
BRDA:57,6,0,0
BRDA:57,6,1,21
BRDA:65,7,0,17
BRDA:65,7,1,6
BRF:16
BRH:15
end_of_record
TN:
SF:src/components/SimilarProducts/SimilarProducts.jsx
FN:4,SimilarProducts
FN:13,(anonymous_1)
FN:13,(anonymous_2)
FNF:3
FNH:3
FNDA:2,SimilarProducts
FNDA:20,(anonymous_1)
FNDA:8,(anonymous_2)
DA:5,2
DA:7,2
DA:13,20
DA:14,8
LF:4
LH:4
BRDA:13,0,0,2
BRDA:13,0,1,0
BRF:2
BRH:1
end_of_record
TN:
SF:src/components/SimilarProducts/SimilarProductsRenderer.js
FN:6,(anonymous_0)
FN:13,(anonymous_1)
FNF:2
FNH:0
FNDA:0,(anonymous_0)
FNDA:0,(anonymous_1)
DA:6,1
DA:7,0
DA:10,1
DA:12,1
DA:14,0
LF:5
LH:3
BRF:0
BRH:0
end_of_record
TN:
SF:src/pages/BrowsePage/BrowsePage.jsx
FN:7,BrowsePage
FN:13,(anonymous_1)
FNF:2
FNH:2
FNDA:4,BrowsePage
FNDA:10,(anonymous_1)
DA:8,4
DA:9,4
DA:14,10
LF:3
LH:3
BRDA:13,0,0,1
BRDA:13,0,1,3
BRF:2
BRH:2
end_of_record
TN:
SF:src/reducers/productListReducer.js
FN:3,(anonymous_0)
FNF:1
FNH:1
FNDA:2,(anonymous_0)
DA:4,2
DA:6,1
DA:8,1
LF:3
LH:3
BRDA:3,0,0,1
BRDA:4,1,0,1
BRDA:4,1,1,1
BRF:3
BRH:3
end_of_record
